2023-04-26 00:15:35,407 INFO org.springframework.boot.test.context.SpringBootTestContextBootstrapper [main] Neither @ContextConfiguration nor @ContextHierarchy found for test class [com.project.EmployeeInfo.EmployeeInfoApplicationTests], using SpringBootContextLoader
2023-04-26 00:15:35,433 INFO org.springframework.test.context.support.AbstractContextLoader [main] Could not detect default resource locations for test class [com.project.EmployeeInfo.EmployeeInfoApplicationTests]: no resource found for suffixes {-context.xml, Context.groovy}.
2023-04-26 00:15:35,436 INFO org.springframework.test.context.support.AnnotationConfigContextLoaderUtils [main] Could not detect default configuration classes for test class [com.project.EmployeeInfo.EmployeeInfoApplicationTests]: EmployeeInfoApplicationTests does not declare any static, non-private, non-final, nested classes annotated with @Configuration.
2023-04-26 00:15:35,829 INFO org.springframework.boot.test.context.SpringBootTestContextBootstrapper [main] Found @SpringBootConfiguration com.project.EmployeeInfo.EmployeeInfoApplication for test class com.project.EmployeeInfo.EmployeeInfoApplicationTests
2023-04-26 00:15:36,251 INFO org.springframework.boot.test.context.SpringBootTestContextBootstrapper [main] Loaded default TestExecutionListener class names from location [META-INF/spring.factories]: [org.springframework.boot.test.mock.mockito.MockitoTestExecutionListener, org.springframework.boot.test.mock.mockito.ResetMocksTestExecutionListener, org.springframework.boot.test.autoconfigure.restdocs.RestDocsTestExecutionListener, org.springframework.boot.test.autoconfigure.web.client.MockRestServiceServerResetTestExecutionListener, org.springframework.boot.test.autoconfigure.web.servlet.MockMvcPrintOnlyOnFailureTestExecutionListener, org.springframework.boot.test.autoconfigure.web.servlet.WebDriverTestExecutionListener, org.springframework.boot.test.autoconfigure.webservices.client.MockWebServiceServerTestExecutionListener, org.springframework.test.context.web.ServletTestExecutionListener, org.springframework.test.context.support.DirtiesContextBeforeModesTestExecutionListener, org.springframework.test.context.event.ApplicationEventsTestExecutionListener, org.springframework.test.context.support.DependencyInjectionTestExecutionListener, org.springframework.test.context.support.DirtiesContextTestExecutionListener, org.springframework.test.context.transaction.TransactionalTestExecutionListener, org.springframework.test.context.jdbc.SqlScriptsTestExecutionListener, org.springframework.test.context.event.EventPublishingTestExecutionListener]
2023-04-26 00:15:36,325 INFO org.springframework.boot.test.context.SpringBootTestContextBootstrapper [main] Using TestExecutionListeners: [org.springframework.test.context.web.ServletTestExecutionListener@5e8f9e2d, org.springframework.test.context.support.DirtiesContextBeforeModesTestExecutionListener@51df223b, org.springframework.test.context.event.ApplicationEventsTestExecutionListener@fd46303, org.springframework.boot.test.mock.mockito.MockitoTestExecutionListener@60d8c0dc, org.springframework.boot.test.autoconfigure.SpringBootDependencyInjectionTestExecutionListener@4204541c, org.springframework.test.context.support.DirtiesContextTestExecutionListener@6a62689d, org.springframework.test.context.transaction.TransactionalTestExecutionListener@4602c2a9, org.springframework.test.context.jdbc.SqlScriptsTestExecutionListener@60fa3495, org.springframework.test.context.event.EventPublishingTestExecutionListener@3e2822, org.springframework.boot.test.mock.mockito.ResetMocksTestExecutionListener@79e18e38, org.springframework.boot.test.autoconfigure.restdocs.RestDocsTestExecutionListener@29a60c27, org.springframework.boot.test.autoconfigure.web.client.MockRestServiceServerResetTestExecutionListener@1849db1a, org.springframework.boot.test.autoconfigure.web.servlet.MockMvcPrintOnlyOnFailureTestExecutionListener@69c79f09, org.springframework.boot.test.autoconfigure.web.servlet.WebDriverTestExecutionListener@1ca25c47, org.springframework.boot.test.autoconfigure.webservices.client.MockWebServiceServerTestExecutionListener@5fcacc0]
2023-04-26 00:15:37,509 INFO com.project.EmployeeInfo.EmployeeInfoApplicationTests [main] Starting EmployeeInfoApplicationTests using Java 17.0.6 on LAPTOP-59UL2VS7 with PID 18164 (started by Bawankar in C:\sts\EmployeeInfo)
2023-04-26 00:15:37,512 INFO com.project.EmployeeInfo.EmployeeInfoApplicationTests [main] No active profile set, falling back to 1 default profile: "default"
2023-04-26 00:15:39,700 INFO org.springframework.data.repository.config.RepositoryConfigurationDelegate [main] Bootstrapping Spring Data JPA repositories in DEFAULT mode.
2023-04-26 00:15:39,891 INFO org.springframework.data.repository.config.RepositoryConfigurationDelegate [main] Finished Spring Data repository scanning in 153 ms. Found 1 JPA repository interfaces.
2023-04-26 00:15:41,989 INFO org.hibernate.jpa.internal.util.LogHelper [main] HHH000204: Processing PersistenceUnitInfo [name: default]
2023-04-26 00:15:42,243 INFO org.hibernate.Version [main] HHH000412: Hibernate ORM core version 5.6.15.Final
2023-04-26 00:15:42,908 INFO org.hibernate.annotations.common.Version [main] HCANN000001: Hibernate Commons Annotations {5.1.2.Final}
2023-04-26 00:15:43,525 INFO com.zaxxer.hikari.HikariDataSource [main] HikariPool-1 - Starting...
2023-04-26 00:15:44,566 INFO com.zaxxer.hikari.HikariDataSource [main] HikariPool-1 - Start completed.
2023-04-26 00:15:44,704 INFO org.hibernate.dialect.Dialect [main] HHH000400: Using dialect: org.hibernate.dialect.MySQL8Dialect
2023-04-26 00:15:47,055 INFO org.hibernate.engine.transaction.jta.platform.internal.JtaPlatformInitiator [main] HHH000490: Using JtaPlatform implementation: [org.hibernate.engine.transaction.jta.platform.internal.NoJtaPlatform]
2023-04-26 00:15:47,094 INFO org.springframework.orm.jpa.LocalContainerEntityManagerFactoryBean [main] Initialized JPA EntityManagerFactory for persistence unit 'default'
2023-04-26 00:15:48,750 WARN org.springframework.boot.autoconfigure.orm.jpa.JpaBaseConfiguration$JpaWebConfiguration [main] spring.jpa.open-in-view is enabled by default. Therefore, database queries may be performed during view rendering. Explicitly configure spring.jpa.open-in-view to disable this warning
2023-04-26 00:15:50,735 INFO com.project.EmployeeInfo.EmployeeInfoApplicationTests [main] Started EmployeeInfoApplicationTests in 14.278 seconds (JVM running for 18.77)
2023-04-26 00:15:51,968 INFO org.springframework.orm.jpa.LocalContainerEntityManagerFactoryBean [SpringApplicationShutdownHook] Closing JPA EntityManagerFactory for persistence unit 'default'
2023-04-26 00:15:51,969 INFO org.hibernate.tool.schema.internal.SchemaDropperImpl$DelayedDropActionImpl [SpringApplicationShutdownHook] HHH000477: Starting delayed evictData of schema as part of SessionFactory shut-down'
2023-04-26 00:15:52,025 INFO com.zaxxer.hikari.HikariDataSource [SpringApplicationShutdownHook] HikariPool-1 - Shutdown initiated...
2023-04-26 00:15:52,066 INFO com.zaxxer.hikari.HikariDataSource [SpringApplicationShutdownHook] HikariPool-1 - Shutdown completed.
2023-04-26 01:18:55,066 INFO com.project.EmployeeInfo.EmployeeInfoApplication [main] Starting EmployeeInfoApplication using Java 17.0.6 on LAPTOP-59UL2VS7 with PID 5192 (C:\sts\EmployeeInfo\target\classes started by Bawankar in C:\sts\EmployeeInfo)
2023-04-26 01:18:55,069 INFO com.project.EmployeeInfo.EmployeeInfoApplication [main] No active profile set, falling back to 1 default profile: "default"
2023-04-26 01:18:55,686 INFO org.springframework.data.repository.config.RepositoryConfigurationDelegate [main] Bootstrapping Spring Data JPA repositories in DEFAULT mode.
2023-04-26 01:18:55,738 INFO org.springframework.data.repository.config.RepositoryConfigurationDelegate [main] Finished Spring Data repository scanning in 42 ms. Found 1 JPA repository interfaces.
2023-04-26 01:18:56,234 INFO org.springframework.boot.web.embedded.tomcat.TomcatWebServer [main] Tomcat initialized with port(s): 9090 (http)
2023-04-26 01:18:56,246 INFO org.apache.catalina.core.StandardService [main] Starting service [Tomcat]
2023-04-26 01:18:56,246 INFO org.apache.catalina.core.StandardEngine [main] Starting Servlet engine: [Apache Tomcat/9.0.74]
2023-04-26 01:18:56,385 INFO org.apache.catalina.core.ContainerBase.[Tomcat].[localhost].[/] [main] Initializing Spring embedded WebApplicationContext
2023-04-26 01:18:56,386 INFO org.springframework.boot.web.servlet.context.ServletWebServerApplicationContext [main] Root WebApplicationContext: initialization completed in 1264 ms
2023-04-26 01:18:56,574 INFO org.hibernate.jpa.internal.util.LogHelper [main] HHH000204: Processing PersistenceUnitInfo [name: default]
2023-04-26 01:18:56,639 INFO org.hibernate.Version [main] HHH000412: Hibernate ORM core version 5.6.15.Final
2023-04-26 01:18:56,815 INFO org.hibernate.annotations.common.Version [main] HCANN000001: Hibernate Commons Annotations {5.1.2.Final}
2023-04-26 01:18:56,933 INFO com.zaxxer.hikari.HikariDataSource [main] HikariPool-1 - Starting...
2023-04-26 01:18:57,282 INFO com.zaxxer.hikari.HikariDataSource [main] HikariPool-1 - Start completed.
2023-04-26 01:18:57,315 INFO org.hibernate.dialect.Dialect [main] HHH000400: Using dialect: org.hibernate.dialect.MySQL8Dialect
2023-04-26 01:18:57,967 INFO org.hibernate.engine.transaction.jta.platform.internal.JtaPlatformInitiator [main] HHH000490: Using JtaPlatform implementation: [org.hibernate.engine.transaction.jta.platform.internal.NoJtaPlatform]
2023-04-26 01:18:57,975 INFO org.springframework.orm.jpa.LocalContainerEntityManagerFactoryBean [main] Initialized JPA EntityManagerFactory for persistence unit 'default'
2023-04-26 01:18:58,241 WARN org.springframework.boot.autoconfigure.orm.jpa.JpaBaseConfiguration$JpaWebConfiguration [main] spring.jpa.open-in-view is enabled by default. Therefore, database queries may be performed during view rendering. Explicitly configure spring.jpa.open-in-view to disable this warning
2023-04-26 01:18:58,549 WARN org.springframework.boot.web.servlet.context.AnnotationConfigServletWebServerApplicationContext [main] Exception encountered during context initialization - cancelling refresh attempt: org.springframework.context.ApplicationContextException: Failed to start bean 'webServerStartStop'; nested exception is org.springframework.boot.web.server.PortInUseException: Port 9090 is already in use
2023-04-26 01:18:58,550 INFO org.springframework.orm.jpa.LocalContainerEntityManagerFactoryBean [main] Closing JPA EntityManagerFactory for persistence unit 'default'
2023-04-26 01:18:58,550 INFO org.hibernate.tool.schema.internal.SchemaDropperImpl$DelayedDropActionImpl [main] HHH000477: Starting delayed evictData of schema as part of SessionFactory shut-down'
2023-04-26 01:18:58,570 INFO com.zaxxer.hikari.HikariDataSource [main] HikariPool-1 - Shutdown initiated...
2023-04-26 01:18:58,582 INFO com.zaxxer.hikari.HikariDataSource [main] HikariPool-1 - Shutdown completed.
2023-04-26 01:18:58,583 INFO org.apache.catalina.core.StandardService [main] Stopping service [Tomcat]
2023-04-26 01:18:58,593 INFO org.springframework.boot.autoconfigure.logging.ConditionEvaluationReportLoggingListener [main] 

Error starting ApplicationContext. To display the conditions report re-run your application with 'debug' enabled.
2023-04-26 01:18:58,611 ERROR org.springframework.boot.diagnostics.LoggingFailureAnalysisReporter [main] 

***************************
APPLICATION FAILED TO START
***************************

Description:

Web server failed to start. Port 9090 was already in use.

Action:

Identify and stop the process that's listening on port 9090 or configure this application to listen on another port.

2023-04-26 01:19:18,003 INFO com.project.EmployeeInfo.EmployeeInfoApplication [main] Starting EmployeeInfoApplication using Java 17.0.6 on LAPTOP-59UL2VS7 with PID 16476 (C:\sts\EmployeeInfo\target\classes started by Bawankar in C:\sts\EmployeeInfo)
2023-04-26 01:19:18,006 INFO com.project.EmployeeInfo.EmployeeInfoApplication [main] No active profile set, falling back to 1 default profile: "default"
2023-04-26 01:19:18,555 INFO org.springframework.data.repository.config.RepositoryConfigurationDelegate [main] Bootstrapping Spring Data JPA repositories in DEFAULT mode.
2023-04-26 01:19:18,605 INFO org.springframework.data.repository.config.RepositoryConfigurationDelegate [main] Finished Spring Data repository scanning in 40 ms. Found 1 JPA repository interfaces.
2023-04-26 01:19:19,058 INFO org.springframework.boot.web.embedded.tomcat.TomcatWebServer [main] Tomcat initialized with port(s): 9091 (http)
2023-04-26 01:19:19,068 INFO org.apache.catalina.core.StandardService [main] Starting service [Tomcat]
2023-04-26 01:19:19,068 INFO org.apache.catalina.core.StandardEngine [main] Starting Servlet engine: [Apache Tomcat/9.0.74]
2023-04-26 01:19:19,193 INFO org.apache.catalina.core.ContainerBase.[Tomcat].[localhost].[/] [main] Initializing Spring embedded WebApplicationContext
2023-04-26 01:19:19,193 INFO org.springframework.boot.web.servlet.context.ServletWebServerApplicationContext [main] Root WebApplicationContext: initialization completed in 1140 ms
2023-04-26 01:19:19,351 INFO org.hibernate.jpa.internal.util.LogHelper [main] HHH000204: Processing PersistenceUnitInfo [name: default]
2023-04-26 01:19:19,398 INFO org.hibernate.Version [main] HHH000412: Hibernate ORM core version 5.6.15.Final
2023-04-26 01:19:19,548 INFO org.hibernate.annotations.common.Version [main] HCANN000001: Hibernate Commons Annotations {5.1.2.Final}
2023-04-26 01:19:19,642 INFO com.zaxxer.hikari.HikariDataSource [main] HikariPool-1 - Starting...
2023-04-26 01:19:19,942 INFO com.zaxxer.hikari.HikariDataSource [main] HikariPool-1 - Start completed.
2023-04-26 01:19:19,969 INFO org.hibernate.dialect.Dialect [main] HHH000400: Using dialect: org.hibernate.dialect.MySQL8Dialect
2023-04-26 01:19:20,576 INFO org.hibernate.engine.transaction.jta.platform.internal.JtaPlatformInitiator [main] HHH000490: Using JtaPlatform implementation: [org.hibernate.engine.transaction.jta.platform.internal.NoJtaPlatform]
2023-04-26 01:19:20,585 INFO org.springframework.orm.jpa.LocalContainerEntityManagerFactoryBean [main] Initialized JPA EntityManagerFactory for persistence unit 'default'
2023-04-26 01:19:20,837 WARN org.springframework.boot.autoconfigure.orm.jpa.JpaBaseConfiguration$JpaWebConfiguration [main] spring.jpa.open-in-view is enabled by default. Therefore, database queries may be performed during view rendering. Explicitly configure spring.jpa.open-in-view to disable this warning
2023-04-26 01:19:21,144 INFO org.springframework.boot.web.embedded.tomcat.TomcatWebServer [main] Tomcat started on port(s): 9091 (http) with context path ''
2023-04-26 01:19:21,153 INFO com.project.EmployeeInfo.EmployeeInfoApplication [main] Started EmployeeInfoApplication in 3.523 seconds (JVM running for 4.372)
2023-04-26 01:19:44,689 INFO org.apache.catalina.core.ContainerBase.[Tomcat].[localhost].[/] [http-nio-9091-exec-2] Initializing Spring DispatcherServlet 'dispatcherServlet'
2023-04-26 01:19:44,689 INFO org.springframework.web.servlet.DispatcherServlet [http-nio-9091-exec-2] Initializing Servlet 'dispatcherServlet'
2023-04-26 01:19:44,690 INFO org.springframework.web.servlet.DispatcherServlet [http-nio-9091-exec-2] Completed initialization in 1 ms
2023-04-26 01:19:44,728 INFO com.project.EmployeeInfo.controller.EmployeeController [http-nio-9091-exec-2] GET /employees/3 called
2023-04-26 01:19:44,728 INFO com.project.EmployeeInfo.service.EmployeeService [http-nio-9091-exec-2] Retrieving employee with id 3
2023-04-26 01:19:44,817 ERROR org.apache.catalina.core.ContainerBase.[Tomcat].[localhost].[/].[dispatcherServlet] [http-nio-9091-exec-2] Servlet.service() for servlet [dispatcherServlet] in context with path [] threw exception [Request processing failed; nested exception is com.project.EmployeeInfo.exception.EmployeeNotFoundException: Could not find employee with id: 3] with root cause
com.project.EmployeeInfo.exception.EmployeeNotFoundException: Could not find employee with id: 3
	at com.project.EmployeeInfo.service.EmployeeService.lambda$0(EmployeeService.java:32)
	at java.base/java.util.Optional.orElseThrow(Optional.java:403)
	at com.project.EmployeeInfo.service.EmployeeService.getEmployeeById(EmployeeService.java:32)
	at com.project.EmployeeInfo.controller.EmployeeController.getEmployeeById(EmployeeController.java:37)
	at java.base/jdk.internal.reflect.NativeMethodAccessorImpl.invoke0(Native Method)
	at java.base/jdk.internal.reflect.NativeMethodAccessorImpl.invoke(NativeMethodAccessorImpl.java:77)
	at java.base/jdk.internal.reflect.DelegatingMethodAccessorImpl.invoke(DelegatingMethodAccessorImpl.java:43)
	at java.base/java.lang.reflect.Method.invoke(Method.java:568)
	at org.springframework.web.method.support.InvocableHandlerMethod.doInvoke(InvocableHandlerMethod.java:205)
	at org.springframework.web.method.support.InvocableHandlerMethod.invokeForRequest(InvocableHandlerMethod.java:150)
	at org.springframework.web.servlet.mvc.method.annotation.ServletInvocableHandlerMethod.invokeAndHandle(ServletInvocableHandlerMethod.java:117)
	at org.springframework.web.servlet.mvc.method.annotation.RequestMappingHandlerAdapter.invokeHandlerMethod(RequestMappingHandlerAdapter.java:895)
	at org.springframework.web.servlet.mvc.method.annotation.RequestMappingHandlerAdapter.handleInternal(RequestMappingHandlerAdapter.java:808)
	at org.springframework.web.servlet.mvc.method.AbstractHandlerMethodAdapter.handle(AbstractHandlerMethodAdapter.java:87)
	at org.springframework.web.servlet.DispatcherServlet.doDispatch(DispatcherServlet.java:1072)
	at org.springframework.web.servlet.DispatcherServlet.doService(DispatcherServlet.java:965)
	at org.springframework.web.servlet.FrameworkServlet.processRequest(FrameworkServlet.java:1006)
	at org.springframework.web.servlet.FrameworkServlet.doGet(FrameworkServlet.java:898)
	at javax.servlet.http.HttpServlet.service(HttpServlet.java:529)
	at org.springframework.web.servlet.FrameworkServlet.service(FrameworkServlet.java:883)
	at javax.servlet.http.HttpServlet.service(HttpServlet.java:623)
	at org.apache.catalina.core.ApplicationFilterChain.internalDoFilter(ApplicationFilterChain.java:209)
	at org.apache.catalina.core.ApplicationFilterChain.doFilter(ApplicationFilterChain.java:153)
	at org.apache.tomcat.websocket.server.WsFilter.doFilter(WsFilter.java:51)
	at org.apache.catalina.core.ApplicationFilterChain.internalDoFilter(ApplicationFilterChain.java:178)
	at org.apache.catalina.core.ApplicationFilterChain.doFilter(ApplicationFilterChain.java:153)
	at org.springframework.web.filter.RequestContextFilter.doFilterInternal(RequestContextFilter.java:100)
	at org.springframework.web.filter.OncePerRequestFilter.doFilter(OncePerRequestFilter.java:117)
	at org.apache.catalina.core.ApplicationFilterChain.internalDoFilter(ApplicationFilterChain.java:178)
	at org.apache.catalina.core.ApplicationFilterChain.doFilter(ApplicationFilterChain.java:153)
	at org.springframework.web.filter.FormContentFilter.doFilterInternal(FormContentFilter.java:93)
	at org.springframework.web.filter.OncePerRequestFilter.doFilter(OncePerRequestFilter.java:117)
	at org.apache.catalina.core.ApplicationFilterChain.internalDoFilter(ApplicationFilterChain.java:178)
	at org.apache.catalina.core.ApplicationFilterChain.doFilter(ApplicationFilterChain.java:153)
	at org.springframework.web.filter.CharacterEncodingFilter.doFilterInternal(CharacterEncodingFilter.java:201)
	at org.springframework.web.filter.OncePerRequestFilter.doFilter(OncePerRequestFilter.java:117)
	at org.apache.catalina.core.ApplicationFilterChain.internalDoFilter(ApplicationFilterChain.java:178)
	at org.apache.catalina.core.ApplicationFilterChain.doFilter(ApplicationFilterChain.java:153)
	at org.apache.catalina.core.StandardWrapperValve.invoke(StandardWrapperValve.java:167)
	at org.apache.catalina.core.StandardContextValve.invoke(StandardContextValve.java:90)
	at org.apache.catalina.authenticator.AuthenticatorBase.invoke(AuthenticatorBase.java:481)
	at org.apache.catalina.core.StandardHostValve.invoke(StandardHostValve.java:130)
	at org.apache.catalina.valves.ErrorReportValve.invoke(ErrorReportValve.java:93)
	at org.apache.catalina.core.StandardEngineValve.invoke(StandardEngineValve.java:74)
	at org.apache.catalina.connector.CoyoteAdapter.service(CoyoteAdapter.java:343)
	at org.apache.coyote.http11.Http11Processor.service(Http11Processor.java:389)
	at org.apache.coyote.AbstractProcessorLight.process(AbstractProcessorLight.java:63)
	at org.apache.coyote.AbstractProtocol$ConnectionHandler.process(AbstractProtocol.java:926)
	at org.apache.tomcat.util.net.NioEndpoint$SocketProcessor.doRun(NioEndpoint.java:1791)
	at org.apache.tomcat.util.net.SocketProcessorBase.run(SocketProcessorBase.java:52)
	at org.apache.tomcat.util.threads.ThreadPoolExecutor.runWorker(ThreadPoolExecutor.java:1191)
	at org.apache.tomcat.util.threads.ThreadPoolExecutor$Worker.run(ThreadPoolExecutor.java:659)
	at org.apache.tomcat.util.threads.TaskThread$WrappingRunnable.run(TaskThread.java:61)
	at java.base/java.lang.Thread.run(Thread.java:833)
2023-04-26 01:20:22,997 INFO com.project.EmployeeInfo.controller.EmployeeController [http-nio-9091-exec-3] GET /employees called
2023-04-26 01:20:22,998 INFO com.project.EmployeeInfo.service.EmployeeService [http-nio-9091-exec-3] Retrieving all employees
2023-04-26 01:21:53,690 INFO com.project.EmployeeInfo.controller.EmployeeController [http-nio-9091-exec-7] GET /employees called
2023-04-26 01:21:53,691 INFO com.project.EmployeeInfo.service.EmployeeService [http-nio-9091-exec-7] Retrieving all employees
2023-04-26 01:21:59,320 INFO com.project.EmployeeInfo.controller.EmployeeController [http-nio-9091-exec-8] GET /employees/3 called
2023-04-26 01:21:59,321 INFO com.project.EmployeeInfo.service.EmployeeService [http-nio-9091-exec-8] Retrieving employee with id 3
2023-04-26 01:44:32,598 INFO com.project.EmployeeInfo.EmployeeInfoApplication [main] Starting EmployeeInfoApplication using Java 17.0.6 on LAPTOP-59UL2VS7 with PID 11152 (C:\sts\EmployeeInfo\target\classes started by Bawankar in C:\sts\EmployeeInfo)
2023-04-26 01:44:32,602 INFO com.project.EmployeeInfo.EmployeeInfoApplication [main] No active profile set, falling back to 1 default profile: "default"
2023-04-26 01:44:33,198 INFO org.springframework.data.repository.config.RepositoryConfigurationDelegate [main] Bootstrapping Spring Data JPA repositories in DEFAULT mode.
2023-04-26 01:44:33,250 INFO org.springframework.data.repository.config.RepositoryConfigurationDelegate [main] Finished Spring Data repository scanning in 44 ms. Found 1 JPA repository interfaces.
2023-04-26 01:44:33,758 INFO org.springframework.boot.web.embedded.tomcat.TomcatWebServer [main] Tomcat initialized with port(s): 9091 (https)
2023-04-26 01:44:33,771 INFO org.apache.catalina.core.StandardService [main] Starting service [Tomcat]
2023-04-26 01:44:33,772 INFO org.apache.catalina.core.StandardEngine [main] Starting Servlet engine: [Apache Tomcat/9.0.74]
2023-04-26 01:44:33,915 INFO org.apache.catalina.core.ContainerBase.[Tomcat].[localhost].[/] [main] Initializing Spring embedded WebApplicationContext
2023-04-26 01:44:33,916 INFO org.springframework.boot.web.servlet.context.ServletWebServerApplicationContext [main] Root WebApplicationContext: initialization completed in 1262 ms
2023-04-26 01:44:34,092 INFO org.hibernate.jpa.internal.util.LogHelper [main] HHH000204: Processing PersistenceUnitInfo [name: default]
2023-04-26 01:44:34,155 INFO org.hibernate.Version [main] HHH000412: Hibernate ORM core version 5.6.15.Final
2023-04-26 01:44:34,329 INFO org.hibernate.annotations.common.Version [main] HCANN000001: Hibernate Commons Annotations {5.1.2.Final}
2023-04-26 01:44:34,432 INFO com.zaxxer.hikari.HikariDataSource [main] HikariPool-1 - Starting...
2023-04-26 01:44:34,781 INFO com.zaxxer.hikari.HikariDataSource [main] HikariPool-1 - Start completed.
2023-04-26 01:44:34,813 INFO org.hibernate.dialect.Dialect [main] HHH000400: Using dialect: org.hibernate.dialect.MySQL8Dialect
2023-04-26 01:44:35,495 INFO org.hibernate.engine.transaction.jta.platform.internal.JtaPlatformInitiator [main] HHH000490: Using JtaPlatform implementation: [org.hibernate.engine.transaction.jta.platform.internal.NoJtaPlatform]
2023-04-26 01:44:35,506 INFO org.springframework.orm.jpa.LocalContainerEntityManagerFactoryBean [main] Initialized JPA EntityManagerFactory for persistence unit 'default'
2023-04-26 01:44:35,760 WARN org.springframework.boot.autoconfigure.orm.jpa.JpaBaseConfiguration$JpaWebConfiguration [main] spring.jpa.open-in-view is enabled by default. Therefore, database queries may be performed during view rendering. Explicitly configure spring.jpa.open-in-view to disable this warning
2023-04-26 01:44:36,049 WARN org.springframework.boot.web.servlet.context.AnnotationConfigServletWebServerApplicationContext [main] Exception encountered during context initialization - cancelling refresh attempt: org.springframework.context.ApplicationContextException: Failed to start bean 'webServerStartStop'; nested exception is org.springframework.boot.web.server.PortInUseException: Port 9091 is already in use
2023-04-26 01:44:36,050 INFO org.springframework.orm.jpa.LocalContainerEntityManagerFactoryBean [main] Closing JPA EntityManagerFactory for persistence unit 'default'
2023-04-26 01:44:36,051 INFO org.hibernate.tool.schema.internal.SchemaDropperImpl$DelayedDropActionImpl [main] HHH000477: Starting delayed evictData of schema as part of SessionFactory shut-down'
2023-04-26 01:44:36,099 INFO com.zaxxer.hikari.HikariDataSource [main] HikariPool-1 - Shutdown initiated...
2023-04-26 01:44:36,116 INFO com.zaxxer.hikari.HikariDataSource [main] HikariPool-1 - Shutdown completed.
2023-04-26 01:44:36,119 INFO org.apache.catalina.core.StandardService [main] Stopping service [Tomcat]
2023-04-26 01:44:36,132 INFO org.springframework.boot.autoconfigure.logging.ConditionEvaluationReportLoggingListener [main] 

Error starting ApplicationContext. To display the conditions report re-run your application with 'debug' enabled.
2023-04-26 01:44:36,149 ERROR org.springframework.boot.diagnostics.LoggingFailureAnalysisReporter [main] 

***************************
APPLICATION FAILED TO START
***************************

Description:

Web server failed to start. Port 9091 was already in use.

Action:

Identify and stop the process that's listening on port 9091 or configure this application to listen on another port.

2023-04-26 01:44:54,102 INFO com.project.EmployeeInfo.EmployeeInfoApplication [main] Starting EmployeeInfoApplication using Java 17.0.6 on LAPTOP-59UL2VS7 with PID 28096 (C:\sts\EmployeeInfo\target\classes started by Bawankar in C:\sts\EmployeeInfo)
2023-04-26 01:44:54,106 INFO com.project.EmployeeInfo.EmployeeInfoApplication [main] No active profile set, falling back to 1 default profile: "default"
2023-04-26 01:44:54,673 INFO org.springframework.data.repository.config.RepositoryConfigurationDelegate [main] Bootstrapping Spring Data JPA repositories in DEFAULT mode.
2023-04-26 01:44:54,724 INFO org.springframework.data.repository.config.RepositoryConfigurationDelegate [main] Finished Spring Data repository scanning in 41 ms. Found 1 JPA repository interfaces.
2023-04-26 01:44:55,219 INFO org.springframework.boot.web.embedded.tomcat.TomcatWebServer [main] Tomcat initialized with port(s): 9092 (https)
2023-04-26 01:44:55,229 INFO org.apache.catalina.core.StandardService [main] Starting service [Tomcat]
2023-04-26 01:44:55,229 INFO org.apache.catalina.core.StandardEngine [main] Starting Servlet engine: [Apache Tomcat/9.0.74]
2023-04-26 01:44:55,349 INFO org.apache.catalina.core.ContainerBase.[Tomcat].[localhost].[/] [main] Initializing Spring embedded WebApplicationContext
2023-04-26 01:44:55,350 INFO org.springframework.boot.web.servlet.context.ServletWebServerApplicationContext [main] Root WebApplicationContext: initialization completed in 1193 ms
2023-04-26 01:44:55,520 INFO org.hibernate.jpa.internal.util.LogHelper [main] HHH000204: Processing PersistenceUnitInfo [name: default]
2023-04-26 01:44:55,566 INFO org.hibernate.Version [main] HHH000412: Hibernate ORM core version 5.6.15.Final
2023-04-26 01:44:55,712 INFO org.hibernate.annotations.common.Version [main] HCANN000001: Hibernate Commons Annotations {5.1.2.Final}
2023-04-26 01:44:55,812 INFO com.zaxxer.hikari.HikariDataSource [main] HikariPool-1 - Starting...
2023-04-26 01:44:56,117 INFO com.zaxxer.hikari.HikariDataSource [main] HikariPool-1 - Start completed.
2023-04-26 01:44:56,146 INFO org.hibernate.dialect.Dialect [main] HHH000400: Using dialect: org.hibernate.dialect.MySQL8Dialect
2023-04-26 01:44:56,755 INFO org.hibernate.engine.transaction.jta.platform.internal.JtaPlatformInitiator [main] HHH000490: Using JtaPlatform implementation: [org.hibernate.engine.transaction.jta.platform.internal.NoJtaPlatform]
2023-04-26 01:44:56,766 INFO org.springframework.orm.jpa.LocalContainerEntityManagerFactoryBean [main] Initialized JPA EntityManagerFactory for persistence unit 'default'
2023-04-26 01:44:57,027 WARN org.springframework.boot.autoconfigure.orm.jpa.JpaBaseConfiguration$JpaWebConfiguration [main] spring.jpa.open-in-view is enabled by default. Therefore, database queries may be performed during view rendering. Explicitly configure spring.jpa.open-in-view to disable this warning
2023-04-26 01:44:57,512 INFO org.apache.tomcat.util.net.NioEndpoint.certificate [main] Connector [https-jsse-nio-9092], TLS virtual host [_default_], certificate type [UNDEFINED] configured from [file:/C:/sts/EmployeeInfo/target/classes/keystore.jks] using alias [mydomain] and with trust store [null]
2023-04-26 01:44:57,533 INFO org.springframework.boot.web.embedded.tomcat.TomcatWebServer [main] Tomcat started on port(s): 9092 (https) with context path ''
2023-04-26 01:44:57,541 INFO com.project.EmployeeInfo.EmployeeInfoApplication [main] Started EmployeeInfoApplication in 3.817 seconds (JVM running for 4.707)
2023-04-26 01:45:10,191 INFO com.project.EmployeeInfo.controller.EmployeeController [http-nio-9091-exec-1] GET /employees/4 called
2023-04-26 01:45:10,203 INFO com.project.EmployeeInfo.service.EmployeeService [http-nio-9091-exec-1] Retrieving employee with id 4
2023-04-26 01:45:10,321 ERROR org.apache.catalina.core.ContainerBase.[Tomcat].[localhost].[/].[dispatcherServlet] [http-nio-9091-exec-1] Servlet.service() for servlet [dispatcherServlet] in context with path [] threw exception [Request processing failed; nested exception is com.project.EmployeeInfo.exception.EmployeeNotFoundException: Could not find employee with id: 4] with root cause
com.project.EmployeeInfo.exception.EmployeeNotFoundException: Could not find employee with id: 4
	at com.project.EmployeeInfo.service.EmployeeService.lambda$0(EmployeeService.java:32)
	at java.base/java.util.Optional.orElseThrow(Optional.java:403)
	at com.project.EmployeeInfo.service.EmployeeService.getEmployeeById(EmployeeService.java:32)
	at com.project.EmployeeInfo.controller.EmployeeController.getEmployeeById(EmployeeController.java:37)
	at java.base/jdk.internal.reflect.NativeMethodAccessorImpl.invoke0(Native Method)
	at java.base/jdk.internal.reflect.NativeMethodAccessorImpl.invoke(NativeMethodAccessorImpl.java:77)
	at java.base/jdk.internal.reflect.DelegatingMethodAccessorImpl.invoke(DelegatingMethodAccessorImpl.java:43)
	at java.base/java.lang.reflect.Method.invoke(Method.java:568)
	at org.springframework.web.method.support.InvocableHandlerMethod.doInvoke(InvocableHandlerMethod.java:205)
	at org.springframework.web.method.support.InvocableHandlerMethod.invokeForRequest(InvocableHandlerMethod.java:150)
	at org.springframework.web.servlet.mvc.method.annotation.ServletInvocableHandlerMethod.invokeAndHandle(ServletInvocableHandlerMethod.java:117)
	at org.springframework.web.servlet.mvc.method.annotation.RequestMappingHandlerAdapter.invokeHandlerMethod(RequestMappingHandlerAdapter.java:895)
	at org.springframework.web.servlet.mvc.method.annotation.RequestMappingHandlerAdapter.handleInternal(RequestMappingHandlerAdapter.java:808)
	at org.springframework.web.servlet.mvc.method.AbstractHandlerMethodAdapter.handle(AbstractHandlerMethodAdapter.java:87)
	at org.springframework.web.servlet.DispatcherServlet.doDispatch(DispatcherServlet.java:1072)
	at org.springframework.web.servlet.DispatcherServlet.doService(DispatcherServlet.java:965)
	at org.springframework.web.servlet.FrameworkServlet.processRequest(FrameworkServlet.java:1006)
	at org.springframework.web.servlet.FrameworkServlet.doGet(FrameworkServlet.java:898)
	at javax.servlet.http.HttpServlet.service(HttpServlet.java:529)
	at org.springframework.web.servlet.FrameworkServlet.service(FrameworkServlet.java:883)
	at javax.servlet.http.HttpServlet.service(HttpServlet.java:623)
	at org.apache.catalina.core.ApplicationFilterChain.internalDoFilter(ApplicationFilterChain.java:209)
	at org.apache.catalina.core.ApplicationFilterChain.doFilter(ApplicationFilterChain.java:153)
	at org.apache.tomcat.websocket.server.WsFilter.doFilter(WsFilter.java:51)
	at org.apache.catalina.core.ApplicationFilterChain.internalDoFilter(ApplicationFilterChain.java:178)
	at org.apache.catalina.core.ApplicationFilterChain.doFilter(ApplicationFilterChain.java:153)
	at org.springframework.web.filter.RequestContextFilter.doFilterInternal(RequestContextFilter.java:100)
	at org.springframework.web.filter.OncePerRequestFilter.doFilter(OncePerRequestFilter.java:117)
	at org.apache.catalina.core.ApplicationFilterChain.internalDoFilter(ApplicationFilterChain.java:178)
	at org.apache.catalina.core.ApplicationFilterChain.doFilter(ApplicationFilterChain.java:153)
	at org.springframework.web.filter.FormContentFilter.doFilterInternal(FormContentFilter.java:93)
	at org.springframework.web.filter.OncePerRequestFilter.doFilter(OncePerRequestFilter.java:117)
	at org.apache.catalina.core.ApplicationFilterChain.internalDoFilter(ApplicationFilterChain.java:178)
	at org.apache.catalina.core.ApplicationFilterChain.doFilter(ApplicationFilterChain.java:153)
	at org.springframework.web.filter.CharacterEncodingFilter.doFilterInternal(CharacterEncodingFilter.java:201)
	at org.springframework.web.filter.OncePerRequestFilter.doFilter(OncePerRequestFilter.java:117)
	at org.apache.catalina.core.ApplicationFilterChain.internalDoFilter(ApplicationFilterChain.java:178)
	at org.apache.catalina.core.ApplicationFilterChain.doFilter(ApplicationFilterChain.java:153)
	at org.apache.catalina.core.StandardWrapperValve.invoke(StandardWrapperValve.java:167)
	at org.apache.catalina.core.StandardContextValve.invoke(StandardContextValve.java:90)
	at org.apache.catalina.authenticator.AuthenticatorBase.invoke(AuthenticatorBase.java:481)
	at org.apache.catalina.core.StandardHostValve.invoke(StandardHostValve.java:130)
	at org.apache.catalina.valves.ErrorReportValve.invoke(ErrorReportValve.java:93)
	at org.apache.catalina.core.StandardEngineValve.invoke(StandardEngineValve.java:74)
	at org.apache.catalina.connector.CoyoteAdapter.service(CoyoteAdapter.java:343)
	at org.apache.coyote.http11.Http11Processor.service(Http11Processor.java:389)
	at org.apache.coyote.AbstractProcessorLight.process(AbstractProcessorLight.java:63)
	at org.apache.coyote.AbstractProtocol$ConnectionHandler.process(AbstractProtocol.java:926)
	at org.apache.tomcat.util.net.NioEndpoint$SocketProcessor.doRun(NioEndpoint.java:1791)
	at org.apache.tomcat.util.net.SocketProcessorBase.run(SocketProcessorBase.java:52)
	at org.apache.tomcat.util.threads.ThreadPoolExecutor.runWorker(ThreadPoolExecutor.java:1191)
	at org.apache.tomcat.util.threads.ThreadPoolExecutor$Worker.run(ThreadPoolExecutor.java:659)
	at org.apache.tomcat.util.threads.TaskThread$WrappingRunnable.run(TaskThread.java:61)
	at java.base/java.lang.Thread.run(Thread.java:833)
2023-04-26 01:45:22,367 INFO org.apache.coyote.http11.Http11Processor [http-nio-9091-exec-4] Error parsing HTTP request header
 Note: further occurrences of HTTP request parsing errors will be logged at DEBUG level.
java.lang.IllegalArgumentException: Invalid character found in method name [0x160x030x010x000xf70x010x000x000xf30x030x030xbd0xeb0xd20xa70x040xda0x16T0xfe0x890x880x8a0xbe0x0e0xb2^0xe10xdc0xfa0xac0x02*hm0xe80x0b0x9eX0x980xb1S. ]. HTTP method names must be tokens
	at org.apache.coyote.http11.Http11InputBuffer.parseRequestLine(Http11InputBuffer.java:407)
	at org.apache.coyote.http11.Http11Processor.service(Http11Processor.java:262)
	at org.apache.coyote.AbstractProcessorLight.process(AbstractProcessorLight.java:63)
	at org.apache.coyote.AbstractProtocol$ConnectionHandler.process(AbstractProtocol.java:926)
	at org.apache.tomcat.util.net.NioEndpoint$SocketProcessor.doRun(NioEndpoint.java:1791)
	at org.apache.tomcat.util.net.SocketProcessorBase.run(SocketProcessorBase.java:52)
	at org.apache.tomcat.util.threads.ThreadPoolExecutor.runWorker(ThreadPoolExecutor.java:1191)
	at org.apache.tomcat.util.threads.ThreadPoolExecutor$Worker.run(ThreadPoolExecutor.java:659)
	at org.apache.tomcat.util.threads.TaskThread$WrappingRunnable.run(TaskThread.java:61)
	at java.base/java.lang.Thread.run(Thread.java:833)
2023-04-26 01:45:40,039 INFO org.apache.catalina.core.ContainerBase.[Tomcat].[localhost].[/] [https-jsse-nio-9092-exec-6] Initializing Spring DispatcherServlet 'dispatcherServlet'
2023-04-26 01:45:40,039 INFO org.springframework.web.servlet.DispatcherServlet [https-jsse-nio-9092-exec-6] Initializing Servlet 'dispatcherServlet'
2023-04-26 01:45:40,040 INFO org.springframework.web.servlet.DispatcherServlet [https-jsse-nio-9092-exec-6] Completed initialization in 1 ms
2023-04-26 01:45:40,075 INFO com.project.EmployeeInfo.controller.EmployeeController [https-jsse-nio-9092-exec-6] GET /employees/4 called
2023-04-26 01:45:40,075 INFO com.project.EmployeeInfo.service.EmployeeService [https-jsse-nio-9092-exec-6] Retrieving employee with id 4
2023-04-26 01:45:40,137 ERROR org.apache.catalina.core.ContainerBase.[Tomcat].[localhost].[/].[dispatcherServlet] [https-jsse-nio-9092-exec-6] Servlet.service() for servlet [dispatcherServlet] in context with path [] threw exception [Request processing failed; nested exception is com.project.EmployeeInfo.exception.EmployeeNotFoundException: Could not find employee with id: 4] with root cause
com.project.EmployeeInfo.exception.EmployeeNotFoundException: Could not find employee with id: 4
	at com.project.EmployeeInfo.service.EmployeeService.lambda$0(EmployeeService.java:32)
	at java.base/java.util.Optional.orElseThrow(Optional.java:403)
	at com.project.EmployeeInfo.service.EmployeeService.getEmployeeById(EmployeeService.java:32)
	at com.project.EmployeeInfo.controller.EmployeeController.getEmployeeById(EmployeeController.java:37)
	at java.base/jdk.internal.reflect.NativeMethodAccessorImpl.invoke0(Native Method)
	at java.base/jdk.internal.reflect.NativeMethodAccessorImpl.invoke(NativeMethodAccessorImpl.java:77)
	at java.base/jdk.internal.reflect.DelegatingMethodAccessorImpl.invoke(DelegatingMethodAccessorImpl.java:43)
	at java.base/java.lang.reflect.Method.invoke(Method.java:568)
	at org.springframework.web.method.support.InvocableHandlerMethod.doInvoke(InvocableHandlerMethod.java:205)
	at org.springframework.web.method.support.InvocableHandlerMethod.invokeForRequest(InvocableHandlerMethod.java:150)
	at org.springframework.web.servlet.mvc.method.annotation.ServletInvocableHandlerMethod.invokeAndHandle(ServletInvocableHandlerMethod.java:117)
	at org.springframework.web.servlet.mvc.method.annotation.RequestMappingHandlerAdapter.invokeHandlerMethod(RequestMappingHandlerAdapter.java:895)
	at org.springframework.web.servlet.mvc.method.annotation.RequestMappingHandlerAdapter.handleInternal(RequestMappingHandlerAdapter.java:808)
	at org.springframework.web.servlet.mvc.method.AbstractHandlerMethodAdapter.handle(AbstractHandlerMethodAdapter.java:87)
	at org.springframework.web.servlet.DispatcherServlet.doDispatch(DispatcherServlet.java:1072)
	at org.springframework.web.servlet.DispatcherServlet.doService(DispatcherServlet.java:965)
	at org.springframework.web.servlet.FrameworkServlet.processRequest(FrameworkServlet.java:1006)
	at org.springframework.web.servlet.FrameworkServlet.doGet(FrameworkServlet.java:898)
	at javax.servlet.http.HttpServlet.service(HttpServlet.java:529)
	at org.springframework.web.servlet.FrameworkServlet.service(FrameworkServlet.java:883)
	at javax.servlet.http.HttpServlet.service(HttpServlet.java:623)
	at org.apache.catalina.core.ApplicationFilterChain.internalDoFilter(ApplicationFilterChain.java:209)
	at org.apache.catalina.core.ApplicationFilterChain.doFilter(ApplicationFilterChain.java:153)
	at org.apache.tomcat.websocket.server.WsFilter.doFilter(WsFilter.java:51)
	at org.apache.catalina.core.ApplicationFilterChain.internalDoFilter(ApplicationFilterChain.java:178)
	at org.apache.catalina.core.ApplicationFilterChain.doFilter(ApplicationFilterChain.java:153)
	at org.springframework.web.filter.RequestContextFilter.doFilterInternal(RequestContextFilter.java:100)
	at org.springframework.web.filter.OncePerRequestFilter.doFilter(OncePerRequestFilter.java:117)
	at org.apache.catalina.core.ApplicationFilterChain.internalDoFilter(ApplicationFilterChain.java:178)
	at org.apache.catalina.core.ApplicationFilterChain.doFilter(ApplicationFilterChain.java:153)
	at org.springframework.web.filter.FormContentFilter.doFilterInternal(FormContentFilter.java:93)
	at org.springframework.web.filter.OncePerRequestFilter.doFilter(OncePerRequestFilter.java:117)
	at org.apache.catalina.core.ApplicationFilterChain.internalDoFilter(ApplicationFilterChain.java:178)
	at org.apache.catalina.core.ApplicationFilterChain.doFilter(ApplicationFilterChain.java:153)
	at org.springframework.web.filter.CharacterEncodingFilter.doFilterInternal(CharacterEncodingFilter.java:201)
	at org.springframework.web.filter.OncePerRequestFilter.doFilter(OncePerRequestFilter.java:117)
	at org.apache.catalina.core.ApplicationFilterChain.internalDoFilter(ApplicationFilterChain.java:178)
	at org.apache.catalina.core.ApplicationFilterChain.doFilter(ApplicationFilterChain.java:153)
	at org.apache.catalina.core.StandardWrapperValve.invoke(StandardWrapperValve.java:167)
	at org.apache.catalina.core.StandardContextValve.invoke(StandardContextValve.java:90)
	at org.apache.catalina.authenticator.AuthenticatorBase.invoke(AuthenticatorBase.java:481)
	at org.apache.catalina.core.StandardHostValve.invoke(StandardHostValve.java:130)
	at org.apache.catalina.valves.ErrorReportValve.invoke(ErrorReportValve.java:93)
	at org.apache.catalina.core.StandardEngineValve.invoke(StandardEngineValve.java:74)
	at org.apache.catalina.connector.CoyoteAdapter.service(CoyoteAdapter.java:343)
	at org.apache.coyote.http11.Http11Processor.service(Http11Processor.java:389)
	at org.apache.coyote.AbstractProcessorLight.process(AbstractProcessorLight.java:63)
	at org.apache.coyote.AbstractProtocol$ConnectionHandler.process(AbstractProtocol.java:926)
	at org.apache.tomcat.util.net.NioEndpoint$SocketProcessor.doRun(NioEndpoint.java:1791)
	at org.apache.tomcat.util.net.SocketProcessorBase.run(SocketProcessorBase.java:52)
	at org.apache.tomcat.util.threads.ThreadPoolExecutor.runWorker(ThreadPoolExecutor.java:1191)
	at org.apache.tomcat.util.threads.ThreadPoolExecutor$Worker.run(ThreadPoolExecutor.java:659)
	at org.apache.tomcat.util.threads.TaskThread$WrappingRunnable.run(TaskThread.java:61)
	at java.base/java.lang.Thread.run(Thread.java:833)
2023-04-26 01:46:04,196 INFO com.project.EmployeeInfo.controller.EmployeeController [https-jsse-nio-9092-exec-6] GET /employees called
2023-04-26 01:46:04,197 INFO com.project.EmployeeInfo.service.EmployeeService [https-jsse-nio-9092-exec-6] Retrieving all employees
2023-04-26 01:46:52,004 INFO com.project.EmployeeInfo.controller.EmployeeController [https-jsse-nio-9092-exec-7] GET /employees called
2023-04-26 01:46:52,004 INFO com.project.EmployeeInfo.service.EmployeeService [https-jsse-nio-9092-exec-7] Retrieving all employees
2023-04-26 01:46:56,359 INFO com.project.EmployeeInfo.controller.EmployeeController [https-jsse-nio-9092-exec-8] GET /employees/4 called
2023-04-26 01:46:56,359 INFO com.project.EmployeeInfo.service.EmployeeService [https-jsse-nio-9092-exec-8] Retrieving employee with id 4
2023-04-26 01:49:06,530 INFO com.project.EmployeeInfo.EmployeeInfoApplication [main] Starting EmployeeInfoApplication using Java 17.0.6 on LAPTOP-59UL2VS7 with PID 5556 (C:\sts\EmployeeInfo\target\classes started by Bawankar in C:\sts\EmployeeInfo)
2023-04-26 01:49:06,533 INFO com.project.EmployeeInfo.EmployeeInfoApplication [main] No active profile set, falling back to 1 default profile: "default"
2023-04-26 01:49:07,144 INFO org.springframework.data.repository.config.RepositoryConfigurationDelegate [main] Bootstrapping Spring Data JPA repositories in DEFAULT mode.
2023-04-26 01:49:07,194 INFO org.springframework.data.repository.config.RepositoryConfigurationDelegate [main] Finished Spring Data repository scanning in 43 ms. Found 1 JPA repository interfaces.
2023-04-26 01:49:07,697 INFO org.springframework.boot.web.embedded.tomcat.TomcatWebServer [main] Tomcat initialized with port(s): 9092 (https)
2023-04-26 01:49:07,708 INFO org.apache.catalina.core.StandardService [main] Starting service [Tomcat]
2023-04-26 01:49:07,709 INFO org.apache.catalina.core.StandardEngine [main] Starting Servlet engine: [Apache Tomcat/9.0.74]
2023-04-26 01:49:07,837 INFO org.apache.catalina.core.ContainerBase.[Tomcat].[localhost].[/] [main] Initializing Spring embedded WebApplicationContext
2023-04-26 01:49:07,837 INFO org.springframework.boot.web.servlet.context.ServletWebServerApplicationContext [main] Root WebApplicationContext: initialization completed in 1257 ms
2023-04-26 01:49:08,005 INFO org.hibernate.jpa.internal.util.LogHelper [main] HHH000204: Processing PersistenceUnitInfo [name: default]
2023-04-26 01:49:08,050 INFO org.hibernate.Version [main] HHH000412: Hibernate ORM core version 5.6.15.Final
2023-04-26 01:49:08,214 INFO org.hibernate.annotations.common.Version [main] HCANN000001: Hibernate Commons Annotations {5.1.2.Final}
2023-04-26 01:49:08,311 INFO com.zaxxer.hikari.HikariDataSource [main] HikariPool-1 - Starting...
2023-04-26 01:49:08,629 INFO com.zaxxer.hikari.HikariDataSource [main] HikariPool-1 - Start completed.
2023-04-26 01:49:08,657 INFO org.hibernate.dialect.Dialect [main] HHH000400: Using dialect: org.hibernate.dialect.MySQL8Dialect
2023-04-26 01:49:09,268 INFO org.hibernate.engine.transaction.jta.platform.internal.JtaPlatformInitiator [main] HHH000490: Using JtaPlatform implementation: [org.hibernate.engine.transaction.jta.platform.internal.NoJtaPlatform]
2023-04-26 01:49:09,283 INFO org.springframework.orm.jpa.LocalContainerEntityManagerFactoryBean [main] Initialized JPA EntityManagerFactory for persistence unit 'default'
2023-04-26 01:49:09,552 WARN org.springframework.boot.autoconfigure.orm.jpa.JpaBaseConfiguration$JpaWebConfiguration [main] spring.jpa.open-in-view is enabled by default. Therefore, database queries may be performed during view rendering. Explicitly configure spring.jpa.open-in-view to disable this warning
2023-04-26 01:49:09,831 WARN org.springframework.boot.web.servlet.context.AnnotationConfigServletWebServerApplicationContext [main] Exception encountered during context initialization - cancelling refresh attempt: org.springframework.context.ApplicationContextException: Failed to start bean 'webServerStartStop'; nested exception is org.springframework.boot.web.server.PortInUseException: Port 9092 is already in use
2023-04-26 01:49:09,832 INFO org.springframework.orm.jpa.LocalContainerEntityManagerFactoryBean [main] Closing JPA EntityManagerFactory for persistence unit 'default'
2023-04-26 01:49:09,835 INFO com.zaxxer.hikari.HikariDataSource [main] HikariPool-1 - Shutdown initiated...
2023-04-26 01:49:09,844 INFO com.zaxxer.hikari.HikariDataSource [main] HikariPool-1 - Shutdown completed.
2023-04-26 01:49:09,845 INFO org.apache.catalina.core.StandardService [main] Stopping service [Tomcat]
2023-04-26 01:49:09,858 INFO org.springframework.boot.autoconfigure.logging.ConditionEvaluationReportLoggingListener [main] 

Error starting ApplicationContext. To display the conditions report re-run your application with 'debug' enabled.
2023-04-26 01:49:09,874 ERROR org.springframework.boot.diagnostics.LoggingFailureAnalysisReporter [main] 

***************************
APPLICATION FAILED TO START
***************************

Description:

Web server failed to start. Port 9092 was already in use.

Action:

Identify and stop the process that's listening on port 9092 or configure this application to listen on another port.

2023-04-26 01:49:42,364 INFO org.springframework.boot.admin.SpringApplicationAdminMXBeanRegistrar$SpringApplicationAdmin [RMI TCP Connection(33)-127.0.0.1] Application shutdown requested.
2023-04-26 01:49:42,449 INFO org.apache.catalina.core.StandardService [RMI TCP Connection(33)-127.0.0.1] Stopping service [Tomcat]
2023-04-26 01:49:42,455 INFO org.apache.catalina.core.ContainerBase.[Tomcat].[localhost].[/] [RMI TCP Connection(33)-127.0.0.1] Destroying Spring FrameworkServlet 'dispatcherServlet'
2023-04-26 01:49:42,519 INFO org.springframework.orm.jpa.LocalContainerEntityManagerFactoryBean [RMI TCP Connection(33)-127.0.0.1] Closing JPA EntityManagerFactory for persistence unit 'default'
2023-04-26 01:49:42,530 INFO org.hibernate.tool.schema.internal.SchemaDropperImpl$DelayedDropActionImpl [RMI TCP Connection(33)-127.0.0.1] HHH000477: Starting delayed evictData of schema as part of SessionFactory shut-down'
2023-04-26 01:49:42,559 INFO com.zaxxer.hikari.HikariDataSource [RMI TCP Connection(33)-127.0.0.1] HikariPool-1 - Shutdown initiated...
2023-04-26 01:49:42,569 INFO com.zaxxer.hikari.HikariDataSource [RMI TCP Connection(33)-127.0.0.1] HikariPool-1 - Shutdown completed.
2023-04-26 01:49:42,989 INFO org.springframework.boot.admin.SpringApplicationAdminMXBeanRegistrar$SpringApplicationAdmin [RMI TCP Connection(8)-127.0.0.1] Application shutdown requested.
2023-04-26 01:49:43,002 INFO org.apache.catalina.core.StandardService [RMI TCP Connection(8)-127.0.0.1] Stopping service [Tomcat]
2023-04-26 01:49:43,003 INFO org.apache.catalina.core.ContainerBase.[Tomcat].[localhost].[/] [RMI TCP Connection(8)-127.0.0.1] Destroying Spring FrameworkServlet 'dispatcherServlet'
2023-04-26 01:49:43,012 INFO org.springframework.orm.jpa.LocalContainerEntityManagerFactoryBean [RMI TCP Connection(8)-127.0.0.1] Closing JPA EntityManagerFactory for persistence unit 'default'
2023-04-26 01:49:43,013 INFO org.hibernate.tool.schema.internal.SchemaDropperImpl$DelayedDropActionImpl [RMI TCP Connection(8)-127.0.0.1] HHH000477: Starting delayed evictData of schema as part of SessionFactory shut-down'
2023-04-26 01:49:43,022 INFO com.zaxxer.hikari.HikariDataSource [RMI TCP Connection(8)-127.0.0.1] HikariPool-1 - Shutdown initiated...
2023-04-26 01:49:43,030 INFO com.zaxxer.hikari.HikariDataSource [RMI TCP Connection(8)-127.0.0.1] HikariPool-1 - Shutdown completed.
2023-04-26 01:49:45,732 INFO com.project.EmployeeInfo.EmployeeInfoApplication [main] Starting EmployeeInfoApplication using Java 17.0.6 on LAPTOP-59UL2VS7 with PID 26368 (C:\sts\EmployeeInfo\target\classes started by Bawankar in C:\sts\EmployeeInfo)
2023-04-26 01:49:45,737 INFO com.project.EmployeeInfo.EmployeeInfoApplication [main] No active profile set, falling back to 1 default profile: "default"
2023-04-26 01:49:46,284 INFO org.springframework.data.repository.config.RepositoryConfigurationDelegate [main] Bootstrapping Spring Data JPA repositories in DEFAULT mode.
2023-04-26 01:49:46,334 INFO org.springframework.data.repository.config.RepositoryConfigurationDelegate [main] Finished Spring Data repository scanning in 41 ms. Found 1 JPA repository interfaces.
2023-04-26 01:49:46,798 INFO org.springframework.boot.web.embedded.tomcat.TomcatWebServer [main] Tomcat initialized with port(s): 9092 (https)
2023-04-26 01:49:46,808 INFO org.apache.catalina.core.StandardService [main] Starting service [Tomcat]
2023-04-26 01:49:46,809 INFO org.apache.catalina.core.StandardEngine [main] Starting Servlet engine: [Apache Tomcat/9.0.74]
2023-04-26 01:49:46,928 INFO org.apache.catalina.core.ContainerBase.[Tomcat].[localhost].[/] [main] Initializing Spring embedded WebApplicationContext
2023-04-26 01:49:46,929 INFO org.springframework.boot.web.servlet.context.ServletWebServerApplicationContext [main] Root WebApplicationContext: initialization completed in 1144 ms
2023-04-26 01:49:47,087 INFO org.hibernate.jpa.internal.util.LogHelper [main] HHH000204: Processing PersistenceUnitInfo [name: default]
2023-04-26 01:49:47,131 INFO org.hibernate.Version [main] HHH000412: Hibernate ORM core version 5.6.15.Final
2023-04-26 01:49:47,289 INFO org.hibernate.annotations.common.Version [main] HCANN000001: Hibernate Commons Annotations {5.1.2.Final}
2023-04-26 01:49:47,385 INFO com.zaxxer.hikari.HikariDataSource [main] HikariPool-1 - Starting...
2023-04-26 01:49:47,686 INFO com.zaxxer.hikari.HikariDataSource [main] HikariPool-1 - Start completed.
2023-04-26 01:49:47,715 INFO org.hibernate.dialect.Dialect [main] HHH000400: Using dialect: org.hibernate.dialect.MySQL8Dialect
2023-04-26 01:49:48,337 INFO org.hibernate.engine.transaction.jta.platform.internal.JtaPlatformInitiator [main] HHH000490: Using JtaPlatform implementation: [org.hibernate.engine.transaction.jta.platform.internal.NoJtaPlatform]
2023-04-26 01:49:48,348 INFO org.springframework.orm.jpa.LocalContainerEntityManagerFactoryBean [main] Initialized JPA EntityManagerFactory for persistence unit 'default'
2023-04-26 01:49:48,625 WARN org.springframework.boot.autoconfigure.orm.jpa.JpaBaseConfiguration$JpaWebConfiguration [main] spring.jpa.open-in-view is enabled by default. Therefore, database queries may be performed during view rendering. Explicitly configure spring.jpa.open-in-view to disable this warning
2023-04-26 01:49:49,067 INFO org.apache.tomcat.util.net.NioEndpoint.certificate [main] Connector [https-jsse-nio-9092], TLS virtual host [_default_], certificate type [UNDEFINED] configured from [file:/C:/sts/EmployeeInfo/target/classes/keystore.jks] using alias [mydomain] and with trust store [null]
2023-04-26 01:49:49,095 INFO org.springframework.boot.web.embedded.tomcat.TomcatWebServer [main] Tomcat started on port(s): 9092 (https) with context path ''
2023-04-26 01:49:49,104 INFO com.project.EmployeeInfo.EmployeeInfoApplication [main] Started EmployeeInfoApplication in 3.735 seconds (JVM running for 4.693)
2023-04-26 01:52:08,913 INFO org.apache.catalina.core.ContainerBase.[Tomcat].[localhost].[/] [https-jsse-nio-9092-exec-6] Initializing Spring DispatcherServlet 'dispatcherServlet'
2023-04-26 01:52:08,913 INFO org.springframework.web.servlet.DispatcherServlet [https-jsse-nio-9092-exec-6] Initializing Servlet 'dispatcherServlet'
2023-04-26 01:52:08,913 INFO org.springframework.web.servlet.DispatcherServlet [https-jsse-nio-9092-exec-6] Completed initialization in 0 ms
2023-04-26 01:52:08,948 INFO com.project.EmployeeInfo.controller.EmployeeController [https-jsse-nio-9092-exec-6] GET /employees/4 called
2023-04-26 01:52:08,948 INFO com.project.EmployeeInfo.service.EmployeeService [https-jsse-nio-9092-exec-6] Retrieving employee with id 4
2023-04-26 01:52:08,993 ERROR org.apache.catalina.core.ContainerBase.[Tomcat].[localhost].[/].[dispatcherServlet] [https-jsse-nio-9092-exec-6] Servlet.service() for servlet [dispatcherServlet] in context with path [] threw exception [Request processing failed; nested exception is com.project.EmployeeInfo.exception.EmployeeNotFoundException: Could not find employee with id: 4] with root cause
com.project.EmployeeInfo.exception.EmployeeNotFoundException: Could not find employee with id: 4
	at com.project.EmployeeInfo.service.EmployeeService.lambda$0(EmployeeService.java:32)
	at java.base/java.util.Optional.orElseThrow(Optional.java:403)
	at com.project.EmployeeInfo.service.EmployeeService.getEmployeeById(EmployeeService.java:32)
	at com.project.EmployeeInfo.controller.EmployeeController.getEmployeeById(EmployeeController.java:37)
	at java.base/jdk.internal.reflect.NativeMethodAccessorImpl.invoke0(Native Method)
	at java.base/jdk.internal.reflect.NativeMethodAccessorImpl.invoke(NativeMethodAccessorImpl.java:77)
	at java.base/jdk.internal.reflect.DelegatingMethodAccessorImpl.invoke(DelegatingMethodAccessorImpl.java:43)
	at java.base/java.lang.reflect.Method.invoke(Method.java:568)
	at org.springframework.web.method.support.InvocableHandlerMethod.doInvoke(InvocableHandlerMethod.java:205)
	at org.springframework.web.method.support.InvocableHandlerMethod.invokeForRequest(InvocableHandlerMethod.java:150)
	at org.springframework.web.servlet.mvc.method.annotation.ServletInvocableHandlerMethod.invokeAndHandle(ServletInvocableHandlerMethod.java:117)
	at org.springframework.web.servlet.mvc.method.annotation.RequestMappingHandlerAdapter.invokeHandlerMethod(RequestMappingHandlerAdapter.java:895)
	at org.springframework.web.servlet.mvc.method.annotation.RequestMappingHandlerAdapter.handleInternal(RequestMappingHandlerAdapter.java:808)
	at org.springframework.web.servlet.mvc.method.AbstractHandlerMethodAdapter.handle(AbstractHandlerMethodAdapter.java:87)
	at org.springframework.web.servlet.DispatcherServlet.doDispatch(DispatcherServlet.java:1072)
	at org.springframework.web.servlet.DispatcherServlet.doService(DispatcherServlet.java:965)
	at org.springframework.web.servlet.FrameworkServlet.processRequest(FrameworkServlet.java:1006)
	at org.springframework.web.servlet.FrameworkServlet.doGet(FrameworkServlet.java:898)
	at javax.servlet.http.HttpServlet.service(HttpServlet.java:529)
	at org.springframework.web.servlet.FrameworkServlet.service(FrameworkServlet.java:883)
	at javax.servlet.http.HttpServlet.service(HttpServlet.java:623)
	at org.apache.catalina.core.ApplicationFilterChain.internalDoFilter(ApplicationFilterChain.java:209)
	at org.apache.catalina.core.ApplicationFilterChain.doFilter(ApplicationFilterChain.java:153)
	at org.apache.tomcat.websocket.server.WsFilter.doFilter(WsFilter.java:51)
	at org.apache.catalina.core.ApplicationFilterChain.internalDoFilter(ApplicationFilterChain.java:178)
	at org.apache.catalina.core.ApplicationFilterChain.doFilter(ApplicationFilterChain.java:153)
	at org.springframework.web.filter.RequestContextFilter.doFilterInternal(RequestContextFilter.java:100)
	at org.springframework.web.filter.OncePerRequestFilter.doFilter(OncePerRequestFilter.java:117)
	at org.apache.catalina.core.ApplicationFilterChain.internalDoFilter(ApplicationFilterChain.java:178)
	at org.apache.catalina.core.ApplicationFilterChain.doFilter(ApplicationFilterChain.java:153)
	at org.springframework.web.filter.FormContentFilter.doFilterInternal(FormContentFilter.java:93)
	at org.springframework.web.filter.OncePerRequestFilter.doFilter(OncePerRequestFilter.java:117)
	at org.apache.catalina.core.ApplicationFilterChain.internalDoFilter(ApplicationFilterChain.java:178)
	at org.apache.catalina.core.ApplicationFilterChain.doFilter(ApplicationFilterChain.java:153)
	at org.springframework.web.filter.CharacterEncodingFilter.doFilterInternal(CharacterEncodingFilter.java:201)
	at org.springframework.web.filter.OncePerRequestFilter.doFilter(OncePerRequestFilter.java:117)
	at org.apache.catalina.core.ApplicationFilterChain.internalDoFilter(ApplicationFilterChain.java:178)
	at org.apache.catalina.core.ApplicationFilterChain.doFilter(ApplicationFilterChain.java:153)
	at org.apache.catalina.core.StandardWrapperValve.invoke(StandardWrapperValve.java:167)
	at org.apache.catalina.core.StandardContextValve.invoke(StandardContextValve.java:90)
	at org.apache.catalina.authenticator.AuthenticatorBase.invoke(AuthenticatorBase.java:481)
	at org.apache.catalina.core.StandardHostValve.invoke(StandardHostValve.java:130)
	at org.apache.catalina.valves.ErrorReportValve.invoke(ErrorReportValve.java:93)
	at org.apache.catalina.core.StandardEngineValve.invoke(StandardEngineValve.java:74)
	at org.apache.catalina.connector.CoyoteAdapter.service(CoyoteAdapter.java:343)
	at org.apache.coyote.http11.Http11Processor.service(Http11Processor.java:389)
	at org.apache.coyote.AbstractProcessorLight.process(AbstractProcessorLight.java:63)
	at org.apache.coyote.AbstractProtocol$ConnectionHandler.process(AbstractProtocol.java:926)
	at org.apache.tomcat.util.net.NioEndpoint$SocketProcessor.doRun(NioEndpoint.java:1791)
	at org.apache.tomcat.util.net.SocketProcessorBase.run(SocketProcessorBase.java:52)
	at org.apache.tomcat.util.threads.ThreadPoolExecutor.runWorker(ThreadPoolExecutor.java:1191)
	at org.apache.tomcat.util.threads.ThreadPoolExecutor$Worker.run(ThreadPoolExecutor.java:659)
	at org.apache.tomcat.util.threads.TaskThread$WrappingRunnable.run(TaskThread.java:61)
	at java.base/java.lang.Thread.run(Thread.java:833)
2023-04-26 01:52:25,509 INFO com.project.EmployeeInfo.controller.EmployeeController [https-jsse-nio-9092-exec-1] GET /employees/4 called
2023-04-26 01:52:25,509 INFO com.project.EmployeeInfo.service.EmployeeService [https-jsse-nio-9092-exec-1] Retrieving employee with id 4
2023-04-26 01:52:25,513 ERROR org.apache.catalina.core.ContainerBase.[Tomcat].[localhost].[/].[dispatcherServlet] [https-jsse-nio-9092-exec-1] Servlet.service() for servlet [dispatcherServlet] in context with path [] threw exception [Request processing failed; nested exception is com.project.EmployeeInfo.exception.EmployeeNotFoundException: Could not find employee with id: 4] with root cause
com.project.EmployeeInfo.exception.EmployeeNotFoundException: Could not find employee with id: 4
	at com.project.EmployeeInfo.service.EmployeeService.lambda$0(EmployeeService.java:32)
	at java.base/java.util.Optional.orElseThrow(Optional.java:403)
	at com.project.EmployeeInfo.service.EmployeeService.getEmployeeById(EmployeeService.java:32)
	at com.project.EmployeeInfo.controller.EmployeeController.getEmployeeById(EmployeeController.java:37)
	at java.base/jdk.internal.reflect.NativeMethodAccessorImpl.invoke0(Native Method)
	at java.base/jdk.internal.reflect.NativeMethodAccessorImpl.invoke(NativeMethodAccessorImpl.java:77)
	at java.base/jdk.internal.reflect.DelegatingMethodAccessorImpl.invoke(DelegatingMethodAccessorImpl.java:43)
	at java.base/java.lang.reflect.Method.invoke(Method.java:568)
	at org.springframework.web.method.support.InvocableHandlerMethod.doInvoke(InvocableHandlerMethod.java:205)
	at org.springframework.web.method.support.InvocableHandlerMethod.invokeForRequest(InvocableHandlerMethod.java:150)
	at org.springframework.web.servlet.mvc.method.annotation.ServletInvocableHandlerMethod.invokeAndHandle(ServletInvocableHandlerMethod.java:117)
	at org.springframework.web.servlet.mvc.method.annotation.RequestMappingHandlerAdapter.invokeHandlerMethod(RequestMappingHandlerAdapter.java:895)
	at org.springframework.web.servlet.mvc.method.annotation.RequestMappingHandlerAdapter.handleInternal(RequestMappingHandlerAdapter.java:808)
	at org.springframework.web.servlet.mvc.method.AbstractHandlerMethodAdapter.handle(AbstractHandlerMethodAdapter.java:87)
	at org.springframework.web.servlet.DispatcherServlet.doDispatch(DispatcherServlet.java:1072)
	at org.springframework.web.servlet.DispatcherServlet.doService(DispatcherServlet.java:965)
	at org.springframework.web.servlet.FrameworkServlet.processRequest(FrameworkServlet.java:1006)
	at org.springframework.web.servlet.FrameworkServlet.doGet(FrameworkServlet.java:898)
	at javax.servlet.http.HttpServlet.service(HttpServlet.java:529)
	at org.springframework.web.servlet.FrameworkServlet.service(FrameworkServlet.java:883)
	at javax.servlet.http.HttpServlet.service(HttpServlet.java:623)
	at org.apache.catalina.core.ApplicationFilterChain.internalDoFilter(ApplicationFilterChain.java:209)
	at org.apache.catalina.core.ApplicationFilterChain.doFilter(ApplicationFilterChain.java:153)
	at org.apache.tomcat.websocket.server.WsFilter.doFilter(WsFilter.java:51)
	at org.apache.catalina.core.ApplicationFilterChain.internalDoFilter(ApplicationFilterChain.java:178)
	at org.apache.catalina.core.ApplicationFilterChain.doFilter(ApplicationFilterChain.java:153)
	at org.springframework.web.filter.RequestContextFilter.doFilterInternal(RequestContextFilter.java:100)
	at org.springframework.web.filter.OncePerRequestFilter.doFilter(OncePerRequestFilter.java:117)
	at org.apache.catalina.core.ApplicationFilterChain.internalDoFilter(ApplicationFilterChain.java:178)
	at org.apache.catalina.core.ApplicationFilterChain.doFilter(ApplicationFilterChain.java:153)
	at org.springframework.web.filter.FormContentFilter.doFilterInternal(FormContentFilter.java:93)
	at org.springframework.web.filter.OncePerRequestFilter.doFilter(OncePerRequestFilter.java:117)
	at org.apache.catalina.core.ApplicationFilterChain.internalDoFilter(ApplicationFilterChain.java:178)
	at org.apache.catalina.core.ApplicationFilterChain.doFilter(ApplicationFilterChain.java:153)
	at org.springframework.web.filter.CharacterEncodingFilter.doFilterInternal(CharacterEncodingFilter.java:201)
	at org.springframework.web.filter.OncePerRequestFilter.doFilter(OncePerRequestFilter.java:117)
	at org.apache.catalina.core.ApplicationFilterChain.internalDoFilter(ApplicationFilterChain.java:178)
	at org.apache.catalina.core.ApplicationFilterChain.doFilter(ApplicationFilterChain.java:153)
	at org.apache.catalina.core.StandardWrapperValve.invoke(StandardWrapperValve.java:167)
	at org.apache.catalina.core.StandardContextValve.invoke(StandardContextValve.java:90)
	at org.apache.catalina.authenticator.AuthenticatorBase.invoke(AuthenticatorBase.java:481)
	at org.apache.catalina.core.StandardHostValve.invoke(StandardHostValve.java:130)
	at org.apache.catalina.valves.ErrorReportValve.invoke(ErrorReportValve.java:93)
	at org.apache.catalina.core.StandardEngineValve.invoke(StandardEngineValve.java:74)
	at org.apache.catalina.connector.CoyoteAdapter.service(CoyoteAdapter.java:343)
	at org.apache.coyote.http11.Http11Processor.service(Http11Processor.java:389)
	at org.apache.coyote.AbstractProcessorLight.process(AbstractProcessorLight.java:63)
	at org.apache.coyote.AbstractProtocol$ConnectionHandler.process(AbstractProtocol.java:926)
	at org.apache.tomcat.util.net.NioEndpoint$SocketProcessor.doRun(NioEndpoint.java:1791)
	at org.apache.tomcat.util.net.SocketProcessorBase.run(SocketProcessorBase.java:52)
	at org.apache.tomcat.util.threads.ThreadPoolExecutor.runWorker(ThreadPoolExecutor.java:1191)
	at org.apache.tomcat.util.threads.ThreadPoolExecutor$Worker.run(ThreadPoolExecutor.java:659)
	at org.apache.tomcat.util.threads.TaskThread$WrappingRunnable.run(TaskThread.java:61)
	at java.base/java.lang.Thread.run(Thread.java:833)
2023-04-26 01:52:31,570 INFO com.project.EmployeeInfo.controller.EmployeeController [https-jsse-nio-9092-exec-9] GET /employees called
2023-04-26 01:52:31,573 INFO com.project.EmployeeInfo.service.EmployeeService [https-jsse-nio-9092-exec-9] Retrieving all employees
2023-04-26 01:52:53,284 INFO com.project.EmployeeInfo.controller.EmployeeController [https-jsse-nio-9092-exec-2] GET /employees called
2023-04-26 01:52:53,284 INFO com.project.EmployeeInfo.service.EmployeeService [https-jsse-nio-9092-exec-2] Retrieving all employees
2023-04-26 01:53:17,263 INFO com.project.EmployeeInfo.controller.EmployeeController [https-jsse-nio-9092-exec-7] GET /employees called
2023-04-26 01:53:17,263 INFO com.project.EmployeeInfo.service.EmployeeService [https-jsse-nio-9092-exec-7] Retrieving all employees
2023-04-26 01:53:28,927 INFO com.project.EmployeeInfo.controller.EmployeeController [https-jsse-nio-9092-exec-5] GET /employees/4 called
2023-04-26 01:53:28,927 INFO com.project.EmployeeInfo.service.EmployeeService [https-jsse-nio-9092-exec-5] Retrieving employee with id 4
2023-04-26 02:48:49,494 INFO com.project.EmployeeInfo.controller.EmployeeController [https-jsse-nio-9092-exec-2] GET /employees called
2023-04-26 02:48:49,516 INFO com.project.EmployeeInfo.service.EmployeeService [https-jsse-nio-9092-exec-2] Retrieving all employees
2023-04-26 03:10:03,581 INFO org.springframework.boot.admin.SpringApplicationAdminMXBeanRegistrar$SpringApplicationAdmin [RMI TCP Connection(88)-127.0.0.1] Application shutdown requested.
2023-04-26 03:10:03,834 INFO org.apache.catalina.core.StandardService [RMI TCP Connection(88)-127.0.0.1] Stopping service [Tomcat]
2023-04-26 03:10:03,857 INFO org.apache.catalina.core.ContainerBase.[Tomcat].[localhost].[/] [RMI TCP Connection(88)-127.0.0.1] Destroying Spring FrameworkServlet 'dispatcherServlet'
2023-04-26 03:10:03,991 INFO org.springframework.orm.jpa.LocalContainerEntityManagerFactoryBean [RMI TCP Connection(88)-127.0.0.1] Closing JPA EntityManagerFactory for persistence unit 'default'
2023-04-26 03:10:04,038 INFO com.zaxxer.hikari.HikariDataSource [RMI TCP Connection(88)-127.0.0.1] HikariPool-1 - Shutdown initiated...
2023-04-26 03:10:04,108 INFO com.zaxxer.hikari.HikariDataSource [RMI TCP Connection(88)-127.0.0.1] HikariPool-1 - Shutdown completed.
2023-04-26 03:10:38,390 [main] INFO  c.p.E.EmployeeInfoApplication - Starting EmployeeInfoApplication using Java 17.0.6 on LAPTOP-59UL2VS7 with PID 26432 (C:\sts\EmployeeInfo\target\classes started by Bawankar in C:\sts\EmployeeInfo)
2023-04-26 03:10:38,400 [main] INFO  c.p.E.EmployeeInfoApplication - No active profile set, falling back to 1 default profile: "default"
2023-04-26 03:10:40,066 [main] INFO  o.s.d.r.c.RepositoryConfigurationDelegate - Bootstrapping Spring Data JPA repositories in DEFAULT mode.
2023-04-26 03:10:40,210 [main] INFO  o.s.d.r.c.RepositoryConfigurationDelegate - Finished Spring Data repository scanning in 118 ms. Found 1 JPA repository interfaces.
2023-04-26 03:10:41,596 [main] INFO  o.s.b.w.e.tomcat.TomcatWebServer - Tomcat initialized with port(s): 9092 (https)
2023-04-26 03:10:41,624 [main] INFO  o.a.catalina.core.StandardService - Starting service [Tomcat]
2023-04-26 03:10:41,625 [main] INFO  o.a.catalina.core.StandardEngine - Starting Servlet engine: [Apache Tomcat/9.0.74]
2023-04-26 03:10:41,982 [main] INFO  o.a.c.c.C.[Tomcat].[localhost].[/] - Initializing Spring embedded WebApplicationContext
2023-04-26 03:10:41,983 [main] INFO  o.s.b.w.s.c.ServletWebServerApplicationContext - Root WebApplicationContext: initialization completed in 3415 ms
2023-04-26 03:10:42,439 [main] INFO  o.h.jpa.internal.util.LogHelper - HHH000204: Processing PersistenceUnitInfo [name: default]
2023-04-26 03:10:42,645 [main] INFO  org.hibernate.Version - HHH000412: Hibernate ORM core version 5.6.15.Final
2023-04-26 03:10:43,223 [main] INFO  o.h.annotations.common.Version - HCANN000001: Hibernate Commons Annotations {5.1.2.Final}
2023-04-26 03:10:43,604 [main] INFO  com.zaxxer.hikari.HikariDataSource - HikariPool-1 - Starting...
2023-04-26 03:10:44,394 [main] INFO  com.zaxxer.hikari.HikariDataSource - HikariPool-1 - Start completed.
2023-04-26 03:10:44,477 [main] INFO  org.hibernate.dialect.Dialect - HHH000400: Using dialect: org.hibernate.dialect.MySQL8Dialect
2023-04-26 03:10:46,076 [main] INFO  o.h.e.t.j.p.i.JtaPlatformInitiator - HHH000490: Using JtaPlatform implementation: [org.hibernate.engine.transaction.jta.platform.internal.NoJtaPlatform]
2023-04-26 03:10:46,103 [main] INFO  o.s.o.j.LocalContainerEntityManagerFactoryBean - Initialized JPA EntityManagerFactory for persistence unit 'default'
2023-04-26 03:10:46,794 [main] WARN  o.s.b.a.o.j.JpaBaseConfiguration$JpaWebConfiguration - spring.jpa.open-in-view is enabled by default. Therefore, database queries may be performed during view rendering. Explicitly configure spring.jpa.open-in-view to disable this warning
2023-04-26 03:10:48,024 [main] INFO  o.a.t.u.net.NioEndpoint.certificate - Connector [https-jsse-nio-9092], TLS virtual host [_default_], certificate type [UNDEFINED] configured from [file:/C:/sts/EmployeeInfo/target/classes/keystore.jks] using alias [mydomain] and with trust store [null]
2023-04-26 03:10:48,077 [main] INFO  o.s.b.w.e.tomcat.TomcatWebServer - Tomcat started on port(s): 9092 (https) with context path ''
2023-04-26 03:10:48,106 [main] INFO  c.p.E.EmployeeInfoApplication - Started EmployeeInfoApplication in 10.793 seconds (JVM running for 13.622)
2023-04-26 03:11:01,280 [https-jsse-nio-9092-exec-6] INFO  o.a.c.c.C.[Tomcat].[localhost].[/] - Initializing Spring DispatcherServlet 'dispatcherServlet'
2023-04-26 03:11:01,283 [https-jsse-nio-9092-exec-6] INFO  o.s.web.servlet.DispatcherServlet - Initializing Servlet 'dispatcherServlet'
2023-04-26 03:11:01,287 [https-jsse-nio-9092-exec-6] INFO  o.s.web.servlet.DispatcherServlet - Completed initialization in 4 ms
2023-04-26 03:11:01,389 [https-jsse-nio-9092-exec-6] INFO  c.p.E.controller.EmployeeController - GET /employees called
2023-04-26 03:11:01,389 [https-jsse-nio-9092-exec-6] INFO  c.p.E.service.EmployeeService - Retrieving all employees
2023-04-26 03:11:54,435 [https-jsse-nio-9092-exec-7] INFO  c.p.E.controller.EmployeeController - GET /employees/5 called
2023-04-26 03:11:54,435 [https-jsse-nio-9092-exec-7] INFO  c.p.E.service.EmployeeService - Retrieving employee with id 5
